<?xml version="1.0" encoding="UTF-8"?>
<testng-results ignored="0" total="0" passed="0" failed="0" skipped="0">
  <reporter-output>
  </reporter-output>
  <suite started-at="2025-02-24T22:31:51 CST" name="Suite" finished-at="2025-02-24T22:31:52 CST" duration-ms="1259">
    <groups>
      <group name="cucumber">
        <method signature="AbstractTestNGCucumberTests.runScenario(io.cucumber.testng.PickleWrapper,io.cucumber.testng.FeatureWrapper)[pri:0, instance:testrunner.runner@2fba3fc4]" name="runScenario" class="io.cucumber.testng.AbstractTestNGCucumberTests"/>
      </group> <!-- cucumber -->
    </groups>
    <test started-at="2025-02-24T22:31:51 CST" name="DS Algo Test" finished-at="2025-02-24T22:31:52 CST" duration-ms="1259">
      <class name="testrunner.runner">
        <test-method is-config="true" signature="defineBrowser(java.lang.String)[pri:0, instance:testrunner.runner@2fba3fc4]" started-at="2025-02-24T22:31:51 CST" name="defineBrowser" finished-at="2025-02-24T22:31:51 CST" duration-ms="873" status="PASS">
          <params>
            <param index="0">
              <value>
                <![CDATA[chrome]]>
              </value>
            </param>
          </params>
          <reporter-output>
          </reporter-output>
        </test-method> <!-- defineBrowser -->
        <test-method is-config="true" signature="setUpClass(org.testng.ITestContext)[pri:0, instance:testrunner.runner@2fba3fc4]" started-at="2025-02-24T22:31:52 CST" name="setUpClass" finished-at="2025-02-24T22:31:52 CST" duration-ms="288" status="PASS">
          <params>
            <param index="0">
              <value>
                <![CDATA[org.testng.TestRunner@6ad6fa53]]>
              </value>
            </param>
          </params>
          <reporter-output>
          </reporter-output>
        </test-method> <!-- setUpClass -->
        <test-method is-config="true" signature="tearDownClass()[pri:0, instance:testrunner.runner@2fba3fc4]" started-at="2025-02-24T22:31:52 CST" name="tearDownClass" finished-at="2025-02-24T22:31:52 CST" duration-ms="7" status="PASS">
          <reporter-output>
          </reporter-output>
        </test-method> <!-- tearDownClass -->
      </class> <!-- testrunner.runner -->
    </test> <!-- DS Algo Test -->
  </suite> <!-- Suite -->
</testng-results>
